{"/Users/criscandv/Desarrollo/vue_itunes/api/src/app.js": {"path":"/Users/criscandv/Desarrollo/vue_itunes/api/src/app.js","statementMap":{"0":{"start":{"line":1,"column":16},"end":{"line":1,"column":34}},"1":{"start":{"line":2,"column":13},"end":{"line":2,"column":28}},"2":{"start":{"line":3,"column":12},"end":{"line":3,"column":21}},"3":{"start":{"line":4,"column":15},"end":{"line":4,"column":34}},"4":{"start":{"line":7,"column":0},"end":{"line":7,"column":42}},"5":{"start":{"line":10,"column":0},"end":{"line":10,"column":16}},"6":{"start":{"line":11,"column":0},"end":{"line":11,"column":24}},"7":{"start":{"line":12,"column":0},"end":{"line":12,"column":48}},"8":{"start":{"line":15,"column":0},"end":{"line":15,"column":23}},"9":{"start":{"line":17,"column":0},"end":{"line":17,"column":21}}},"fnMap":{},"branchMap":{"0":{"loc":{"start":{"line":7,"column":16},"end":{"line":7,"column":40}},"type":"binary-expr","locations":[{"start":{"line":7,"column":16},"end":{"line":7,"column":32}},{"start":{"line":7,"column":36},"end":{"line":7,"column":40}}],"line":7}},"s":{"0":1,"1":1,"2":1,"3":1,"4":1,"5":1,"6":1,"7":1,"8":1,"9":1},"f":{},"b":{"0":[1,1]},"_coverageSchema":"1a1c01bbd47fc00a2c39e90264f33305004495a9","hash":"6bb27aec4d9a07fef516d2bd07bea42dcf65a9f6"}
,"/Users/criscandv/Desarrollo/vue_itunes/api/src/controllers/Itunes.js": {"path":"/Users/criscandv/Desarrollo/vue_itunes/api/src/controllers/Itunes.js","statementMap":{"0":{"start":{"line":1,"column":19},"end":{"line":1,"column":39}},"1":{"start":{"line":2,"column":29},"end":{"line":2,"column":48}},"2":{"start":{"line":4,"column":13},"end":{"line":4,"column":15}},"3":{"start":{"line":6,"column":0},"end":{"line":17,"column":2}},"4":{"start":{"line":7,"column":19},"end":{"line":7,"column":28}},"5":{"start":{"line":9,"column":17},"end":{"line":9,"column":37}},"6":{"start":{"line":10,"column":33},"end":{"line":10,"column":37}},"7":{"start":{"line":11,"column":24},"end":{"line":11,"column":67}},"8":{"start":{"line":13,"column":2},"end":{"line":16,"column":5}},"9":{"start":{"line":19,"column":0},"end":{"line":19,"column":24}}},"fnMap":{"0":{"name":"(anonymous_0)","decl":{"start":{"line":6,"column":20},"end":{"line":6,"column":21}},"loc":{"start":{"line":6,"column":40},"end":{"line":17,"column":1}},"line":6}},"branchMap":{},"s":{"0":1,"1":1,"2":1,"3":1,"4":3,"5":3,"6":3,"7":3,"8":3,"9":1},"f":{"0":3},"b":{},"_coverageSchema":"1a1c01bbd47fc00a2c39e90264f33305004495a9","hash":"266e1a508a7dec2e7e561b5846e9c827932e6447"}
,"/Users/criscandv/Desarrollo/vue_itunes/api/src/itunes/index.js": {"path":"/Users/criscandv/Desarrollo/vue_itunes/api/src/itunes/index.js","statementMap":{"0":{"start":{"line":1,"column":14},"end":{"line":1,"column":30}},"1":{"start":{"line":3,"column":16},"end":{"line":3,"column":18}},"2":{"start":{"line":4,"column":16},"end":{"line":4,"column":42}},"3":{"start":{"line":6,"column":0},"end":{"line":19,"column":2}},"4":{"start":{"line":7,"column":2},"end":{"line":9,"column":3}},"5":{"start":{"line":8,"column":4},"end":{"line":8,"column":26}},"6":{"start":{"line":10,"column":12},"end":{"line":10,"column":59}},"7":{"start":{"line":12,"column":17},"end":{"line":16,"column":4}},"8":{"start":{"line":18,"column":2},"end":{"line":18,"column":18}},"9":{"start":{"line":21,"column":0},"end":{"line":21,"column":27}}},"fnMap":{"0":{"name":"(anonymous_0)","decl":{"start":{"line":6,"column":19},"end":{"line":6,"column":20}},"loc":{"start":{"line":6,"column":37},"end":{"line":19,"column":1}},"line":6}},"branchMap":{"0":{"loc":{"start":{"line":7,"column":2},"end":{"line":9,"column":3}},"type":"if","locations":[{"start":{"line":7,"column":2},"end":{"line":9,"column":3}},{"start":{},"end":{}}],"line":7}},"s":{"0":2,"1":2,"2":2,"3":2,"4":5,"5":1,"6":5,"7":5,"8":5,"9":2},"f":{"0":5},"b":{"0":[1,4]},"_coverageSchema":"1a1c01bbd47fc00a2c39e90264f33305004495a9","hash":"8bf2a8b8c9d0b1c1553b419c946e0133d83cc73d"}
,"/Users/criscandv/Desarrollo/vue_itunes/api/src/routes/index.js": {"path":"/Users/criscandv/Desarrollo/vue_itunes/api/src/routes/index.js","statementMap":{"0":{"start":{"line":1,"column":16},"end":{"line":1,"column":34}},"1":{"start":{"line":2,"column":15},"end":{"line":2,"column":31}},"2":{"start":{"line":5,"column":23},"end":{"line":5,"column":55}},"3":{"start":{"line":7,"column":0},"end":{"line":9,"column":3}},"4":{"start":{"line":8,"column":2},"end":{"line":8,"column":41}},"5":{"start":{"line":11,"column":0},"end":{"line":11,"column":34}},"6":{"start":{"line":14,"column":0},"end":{"line":16,"column":3}},"7":{"start":{"line":15,"column":2},"end":{"line":15,"column":36}},"8":{"start":{"line":18,"column":0},"end":{"line":18,"column":24}}},"fnMap":{"0":{"name":"(anonymous_0)","decl":{"start":{"line":7,"column":16},"end":{"line":7,"column":17}},"loc":{"start":{"line":7,"column":30},"end":{"line":9,"column":1}},"line":7},"1":{"name":"(anonymous_1)","decl":{"start":{"line":14,"column":16},"end":{"line":14,"column":17}},"loc":{"start":{"line":14,"column":36},"end":{"line":16,"column":1}},"line":14}},"branchMap":{},"s":{"0":1,"1":1,"2":1,"3":1,"4":1,"5":1,"6":1,"7":1,"8":1},"f":{"0":1,"1":1},"b":{},"_coverageSchema":"1a1c01bbd47fc00a2c39e90264f33305004495a9","hash":"ee90bff1728c95b33428967e47dec3ee421e5b20"}
,"/Users/criscandv/Desarrollo/vue_itunes/api/src/utils/index.js": {"path":"/Users/criscandv/Desarrollo/vue_itunes/api/src/utils/index.js","statementMap":{"0":{"start":{"line":1,"column":12},"end":{"line":1,"column":14}},"1":{"start":{"line":3,"column":0},"end":{"line":10,"column":2}},"2":{"start":{"line":4,"column":15},"end":{"line":7,"column":3}},"3":{"start":{"line":6,"column":6},"end":{"line":6,"column":68}},"4":{"start":{"line":6,"column":38},"end":{"line":6,"column":67}},"5":{"start":{"line":9,"column":2},"end":{"line":9,"column":16}},"6":{"start":{"line":12,"column":0},"end":{"line":12,"column":23}}},"fnMap":{"0":{"name":"(anonymous_0)","decl":{"start":{"line":3,"column":25},"end":{"line":3,"column":26}},"loc":{"start":{"line":3,"column":43},"end":{"line":10,"column":1}},"line":3},"1":{"name":"(anonymous_1)","decl":{"start":{"line":5,"column":4},"end":{"line":5,"column":5}},"loc":{"start":{"line":6,"column":6},"end":{"line":6,"column":68}},"line":6},"2":{"name":"(anonymous_2)","decl":{"start":{"line":6,"column":31},"end":{"line":6,"column":32}},"loc":{"start":{"line":6,"column":38},"end":{"line":6,"column":67}},"line":6}},"branchMap":{},"s":{"0":2,"1":2,"2":4,"3":95,"4":1991,"5":4,"6":2},"f":{"0":4,"1":95,"2":1991},"b":{},"_coverageSchema":"1a1c01bbd47fc00a2c39e90264f33305004495a9","hash":"846cb5cb8660f4133aa5a308ed0d60f3487d157c"}
}
